Using pre-set license
Built from '2020.3/staging' branch; Version is '2020.3.10f1 (297d780c91bc) revision 2719096'; Using compiler version '192528614'; Build Type 'Release'
OS: 'Windows 10 Pro; OS build 19045.3208; Version 2009; 64bit' Language: 'en' Physical Memory: 32658 MB
BatchMode: 1, IsHumanControllingUs: 0, StartBugReporterOnCrash: 0, Is64bit: 1, IsPro: 0

 COMMAND LINE ARGUMENTS:
C:\Program Files\Unity\Hub\Editor\2020.3.10f1\Editor\Unity.exe
-adb2
-batchMode
-noUpm
-name
AssetImportWorker0
-projectPath
C:/Users/Igor Iurevici/Desktop/Divergences/Corridor
-logFile
Logs/AssetImportWorker0.log
-srvPort
63497
Successfully changed project path to: C:/Users/Igor Iurevici/Desktop/Divergences/Corridor
C:/Users/Igor Iurevici/Desktop/Divergences/Corridor
Using Asset Import Pipeline V2.
Refreshing native plugins compatible for Editor in 84.94 ms, found 10 plugins.
Preloading 1 native plugins for Editor in 0.87 ms.
Initialize engine version: 2020.3.10f1 (297d780c91bc)
[Subsystems] Discovering subsystems at path C:/Program Files/Unity/Hub/Editor/2020.3.10f1/Editor/Data/Resources/UnitySubsystems
[Subsystems] Discovering subsystems at path C:/Users/Igor Iurevici/Desktop/Divergences/Corridor/Assets
GfxDevice: creating device client; threaded=0
Direct3D:
    Version:  Direct3D 11.0 [level 11.1]
    Renderer: NVIDIA GeForce GTX 1080 (ID=0x1b80)
    Vendor:   
    VRAM:     7989 MB
    Driver:   31.0.15.2225
Initialize mono
Mono path[0] = 'C:/Program Files/Unity/Hub/Editor/2020.3.10f1/Editor/Data/Managed'
Mono path[1] = 'C:/Program Files/Unity/Hub/Editor/2020.3.10f1/Editor/Data/MonoBleedingEdge/lib/mono/unityjit'
Mono config path = 'C:/Program Files/Unity/Hub/Editor/2020.3.10f1/Editor/Data/MonoBleedingEdge/etc'
Using monoOptions --debugger-agent=transport=dt_socket,embedding=1,server=y,suspend=n,address=127.0.0.1:56468
Begin MonoManager ReloadAssembly
Registering precompiled unity dll's ...
Register platform support module: C:/Program Files/Unity/Hub/Editor/2020.3.10f1/Editor/Data/PlaybackEngines/WindowsStandaloneSupport/UnityEditor.WindowsStandalone.Extensions.dll
Registered in 0.002132 seconds.
Native extension for WindowsStandalone target not found
Refreshing native plugins compatible for Editor in 68.34 ms, found 10 plugins.
Preloading 1 native plugins for Editor in 0.10 ms.
Mono: successfully reloaded assembly
- Completed reload, in  1.096 seconds
Platform modules already initialized, skipping
Registering precompiled user dll's ...
Registered in 0.009387 seconds.
Begin MonoManager ReloadAssembly
Native extension for WindowsStandalone target not found
Refreshing native plugins compatible for Editor in 70.84 ms, found 10 plugins.
Preloading 1 native plugins for Editor in 0.10 ms.
[XR] OculusXRPlugin: registering subsystems
[XR] Unable to register display lifecyle provider: [1]
[XR] Oculus Input lifecycle provider registered.
[XR] Unable to register input lifecyle provider: [1]
NullReferenceException: Object reference not set to an instance of an object
  at Unity.XR.Oculus.OculusLoader.AssetPathToAbsolutePath (System.String assetPath) [0x00048] in C:\Users\Igor Iurevici\Desktop\Divergences\Corridor\Library\PackageCache\com.unity.xr.oculus@1.9.1\Runtime\OculusLoader.cs:249 
  at Unity.XR.Oculus.OculusLoader.EditorLoadOVRPlugin () [0x0007b] in C:\Users\Igor Iurevici\Desktop\Divergences\Corridor\Library\PackageCache\com.unity.xr.oculus@1.9.1\Runtime\OculusLoader.cs:234 

(Filename: Library/PackageCache/com.unity.xr.oculus@1.9.1/Runtime/OculusLoader.cs Line: 249)

Mono: successfully reloaded assembly
- Completed reload, in  1.734 seconds
Platform modules already initialized, skipping
========================================================================
Worker process is ready to serve import requests
Shader 'Universal Render Pipeline/Particles/Lit': fallback shader 'Universal Render Pipeline/Particles/SimpleLit' not found
Shader 'Universal Render Pipeline/Particles/Lit': fallback shader 'Universal Render Pipeline/Particles/SimpleLit' not found
Launched and connected shader compiler UnityShaderCompiler.exe after 0.04 seconds
Refreshing native plugins compatible for Editor in 1.06 ms, found 10 plugins.
Preloading 1 native plugins for Editor in 0.09 ms.
Unloading 3736 Unused Serialized files (Serialized files now loaded: 0)
System memory in use before: 192.9 MB.
System memory in use after: 190.9 MB.

Unloading 73 unused Assets to reduce memory usage. Loaded Objects now: 4183.
Total: 4.438100 ms (FindLiveObjects: 0.459400 ms CreateObjectMapping: 0.164500 ms MarkObjects: 2.706800 ms  DeleteObjects: 1.106400 ms)

========================================================================
Received Import Request.
  path: Assets/TerrainData_7967a847-3843-4645-9bc7-bd849aa4a5fb.asset
  artifactKey: Guid(d0cf2232b440101428320ad5ceefb9d6) Importer(815301076,1909f56bfc062723c751e8b465ee728b)
Start importing Assets/TerrainData_7967a847-3843-4645-9bc7-bd849aa4a5fb.asset using Guid(d0cf2232b440101428320ad5ceefb9d6) Importer(815301076,1909f56bfc062723c751e8b465ee728b)  -> (artifact id: '2d98520e929d7c308d7691672523b4b6') in 0.086550 seconds
  Import took 0.094568 seconds .

========================================================================
Received Import Request.
  Time since last request: 0.000272 seconds.
  path: Assets/TerrainData_1e1744bb-ae51-454b-aba3-e18cb3f64d11.asset
  artifactKey: Guid(2a76a9afe4d0bd34b9a42d2fff45cb26) Importer(815301076,1909f56bfc062723c751e8b465ee728b)
Start importing Assets/TerrainData_1e1744bb-ae51-454b-aba3-e18cb3f64d11.asset using Guid(2a76a9afe4d0bd34b9a42d2fff45cb26) Importer(815301076,1909f56bfc062723c751e8b465ee728b)  -> (artifact id: '1291e247e0f5d46941cab11de34e5a6f') in 0.017851 seconds
  Import took 0.024126 seconds .

========================================================================
Received Import Request.
  Time since last request: 0.000223 seconds.
  path: Assets/TerrainData_7f3dbfb1-96af-48a1-ae83-8ce779f0e96c.asset
  artifactKey: Guid(750e6f36736e97f4f8377598480baa4d) Importer(815301076,1909f56bfc062723c751e8b465ee728b)
Start importing Assets/TerrainData_7f3dbfb1-96af-48a1-ae83-8ce779f0e96c.asset using Guid(750e6f36736e97f4f8377598480baa4d) Importer(815301076,1909f56bfc062723c751e8b465ee728b)  -> (artifact id: '3c1c92ffd5919dce3c2b51d618ff3c7c') in 0.015115 seconds
  Import took 0.022086 seconds .

========================================================================
Received Import Request.
  Time since last request: 0.000180 seconds.
  path: Assets/TerrainData_614b6dee-d061-4dba-9e86-208b1c6782cd.asset
  artifactKey: Guid(a8c643e2cb005754da59fb30bec12833) Importer(815301076,1909f56bfc062723c751e8b465ee728b)
Start importing Assets/TerrainData_614b6dee-d061-4dba-9e86-208b1c6782cd.asset using Guid(a8c643e2cb005754da59fb30bec12833) Importer(815301076,1909f56bfc062723c751e8b465ee728b)  -> (artifact id: 'c7f09d3c635e28734c404c14895b068e') in 0.014895 seconds
  Import took 0.022070 seconds .

========================================================================
Received Import Request.
  Time since last request: 0.000193 seconds.
  path: Assets/TerrainData_e5046366-b280-4ca8-a76b-97f1a4565585.asset
  artifactKey: Guid(e11d29e77029ebb4ab40c07635af722d) Importer(815301076,1909f56bfc062723c751e8b465ee728b)
Start importing Assets/TerrainData_e5046366-b280-4ca8-a76b-97f1a4565585.asset using Guid(e11d29e77029ebb4ab40c07635af722d) Importer(815301076,1909f56bfc062723c751e8b465ee728b)  -> (artifact id: 'd713a338ad4acac4075d22ea35eb5eee') in 0.024285 seconds
  Import took 0.030483 seconds .

========================================================================
Received Import Request.
  Time since last request: 0.000203 seconds.
  path: Assets/TerrainData_fd3702d9-8eba-4357-87be-056e9da5df6f.asset
  artifactKey: Guid(c0188ec9419370241afd228a3cd4ea7b) Importer(815301076,1909f56bfc062723c751e8b465ee728b)
Start importing Assets/TerrainData_fd3702d9-8eba-4357-87be-056e9da5df6f.asset using Guid(c0188ec9419370241afd228a3cd4ea7b) Importer(815301076,1909f56bfc062723c751e8b465ee728b)  -> (artifact id: '8a192a8a7f7babdea020c991c3621107') in 0.014348 seconds
  Import took 0.020578 seconds .

========================================================================
Received Import Request.
  Time since last request: 0.000229 seconds.
  path: Assets/TerrainData_b13aea58-8578-4ae0-9b7a-7b1047636d15.asset
  artifactKey: Guid(a1580c0f1664cb64f986532c7e652593) Importer(815301076,1909f56bfc062723c751e8b465ee728b)
Start importing Assets/TerrainData_b13aea58-8578-4ae0-9b7a-7b1047636d15.asset using Guid(a1580c0f1664cb64f986532c7e652593) Importer(815301076,1909f56bfc062723c751e8b465ee728b)  -> (artifact id: '8d68ff4d6c286026bf113a0c45e24bc8') in 0.014281 seconds
  Import took 0.021894 seconds .

========================================================================
Received Import Request.
  Time since last request: 0.000185 seconds.
  path: Assets/TerrainData_f52233d1-e739-4702-bb91-a96f21cd182d.asset
  artifactKey: Guid(ba0af27d8fb029f43aad213575f7689d) Importer(815301076,1909f56bfc062723c751e8b465ee728b)
Start importing Assets/TerrainData_f52233d1-e739-4702-bb91-a96f21cd182d.asset using Guid(ba0af27d8fb029f43aad213575f7689d) Importer(815301076,1909f56bfc062723c751e8b465ee728b)  -> (artifact id: '9b9ba8d759075cbd1f838272e10405ca') in 0.014423 seconds
  Import took 0.020570 seconds .

========================================================================
Received Import Request.
  Time since last request: 0.000185 seconds.
  path: Assets/TerrainData_5b180a87-f994-416f-994f-2e0c02de1071.asset
  artifactKey: Guid(de85811354a16f144b681c78e7516ec3) Importer(815301076,1909f56bfc062723c751e8b465ee728b)
Start importing Assets/TerrainData_5b180a87-f994-416f-994f-2e0c02de1071.asset using Guid(de85811354a16f144b681c78e7516ec3) Importer(815301076,1909f56bfc062723c751e8b465ee728b)  -> (artifact id: '49b850079fd66fa83539855c50f45dee') in 0.022925 seconds
  Import took 0.029151 seconds .

========================================================================
Received Import Request.
  Time since last request: 0.000165 seconds.
  path: Assets/TerrainData_a1bddf7b-e46b-409c-b212-c1b59389f2d1.asset
  artifactKey: Guid(065dc5365da97f748a97676d74afe079) Importer(815301076,1909f56bfc062723c751e8b465ee728b)
Start importing Assets/TerrainData_a1bddf7b-e46b-409c-b212-c1b59389f2d1.asset using Guid(065dc5365da97f748a97676d74afe079) Importer(815301076,1909f56bfc062723c751e8b465ee728b)  -> (artifact id: '650dc713cc75017cb91e877c9a7624b8') in 0.014600 seconds
  Import took 0.022844 seconds .

========================================================================
Received Import Request.
  Time since last request: 0.000196 seconds.
  path: Assets/TerrainData_25a2ae28-4720-457e-8375-7a79b39d5444.asset
  artifactKey: Guid(652ab6c2f5385414abafbcbe8d7d8cc5) Importer(815301076,1909f56bfc062723c751e8b465ee728b)
Start importing Assets/TerrainData_25a2ae28-4720-457e-8375-7a79b39d5444.asset using Guid(652ab6c2f5385414abafbcbe8d7d8cc5) Importer(815301076,1909f56bfc062723c751e8b465ee728b)  -> (artifact id: '385edf591a9d6738aa1dab4e232fdec7') in 0.024565 seconds
  Import took 0.032085 seconds .

========================================================================
Received Import Request.
  Time since last request: 0.000205 seconds.
  path: Assets/TerrainData_c207ab2f-8907-400b-9971-d9f530ba66a0.asset
  artifactKey: Guid(a2a536ec8c6e65644836a3242a6db206) Importer(815301076,1909f56bfc062723c751e8b465ee728b)
Start importing Assets/TerrainData_c207ab2f-8907-400b-9971-d9f530ba66a0.asset using Guid(a2a536ec8c6e65644836a3242a6db206) Importer(815301076,1909f56bfc062723c751e8b465ee728b)  -> (artifact id: '3d1ef45efc3b93fb8925fd2ed3475008') in 0.022561 seconds
  Import took 0.029002 seconds .

========================================================================
Received Import Request.
  Time since last request: 0.000197 seconds.
  path: Assets/TerrainData_f2d83d1a-57e8-4882-a356-313b814caa37.asset
  artifactKey: Guid(29869a05b1892aa49880546ee47ec25f) Importer(815301076,1909f56bfc062723c751e8b465ee728b)
Start importing Assets/TerrainData_f2d83d1a-57e8-4882-a356-313b814caa37.asset using Guid(29869a05b1892aa49880546ee47ec25f) Importer(815301076,1909f56bfc062723c751e8b465ee728b)  -> (artifact id: '0bf832b9e724640a4afa1085ba56fd10') in 0.013852 seconds
  Import took 0.020232 seconds .

========================================================================
Received Import Request.
  Time since last request: 0.000180 seconds.
  path: Assets/TerrainData_41b70062-6b18-4521-abae-72a7375a5d3d.asset
  artifactKey: Guid(62190e4bb2d8ee041a04d05f5c663c0e) Importer(815301076,1909f56bfc062723c751e8b465ee728b)
Start importing Assets/TerrainData_41b70062-6b18-4521-abae-72a7375a5d3d.asset using Guid(62190e4bb2d8ee041a04d05f5c663c0e) Importer(815301076,1909f56bfc062723c751e8b465ee728b)  -> (artifact id: 'd5cc6bf3573cc1c918ab5cf69faae4ce') in 0.016272 seconds
  Import took 0.023865 seconds .

========================================================================
Received Import Request.
  Time since last request: 0.000194 seconds.
  path: Assets/TerrainData_2c19fb08-33d1-4e1c-a61f-19ae61b273f5.asset
  artifactKey: Guid(5207b9c2c970db345a2511fb791d7b04) Importer(815301076,1909f56bfc062723c751e8b465ee728b)
Start importing Assets/TerrainData_2c19fb08-33d1-4e1c-a61f-19ae61b273f5.asset using Guid(5207b9c2c970db345a2511fb791d7b04) Importer(815301076,1909f56bfc062723c751e8b465ee728b)  -> (artifact id: '0caf7031c04537c764c6d1e3438ea58c') in 0.015267 seconds
  Import took 0.022173 seconds .

========================================================================
Received Import Request.
  Time since last request: 0.000263 seconds.
  path: Assets/TerrainData_498a2d46-3193-44a1-9e5d-bf2e59e403fa.asset
  artifactKey: Guid(19a4da0a72bc19f4fb0f69a10f13aef2) Importer(815301076,1909f56bfc062723c751e8b465ee728b)
Start importing Assets/TerrainData_498a2d46-3193-44a1-9e5d-bf2e59e403fa.asset using Guid(19a4da0a72bc19f4fb0f69a10f13aef2) Importer(815301076,1909f56bfc062723c751e8b465ee728b)  -> (artifact id: 'b930331cd047b16ff7ce0d4353c2b0e4') in 0.024582 seconds
  Import took 0.031586 seconds .

========================================================================
Received Import Request.
  Time since last request: 0.000178 seconds.
  path: Assets/TerrainData_c3137d94-f626-4709-9379-f0da36dc1bd8.asset
  artifactKey: Guid(f91e23f2f36adc940aed8a207d94d6fb) Importer(815301076,1909f56bfc062723c751e8b465ee728b)
Start importing Assets/TerrainData_c3137d94-f626-4709-9379-f0da36dc1bd8.asset using Guid(f91e23f2f36adc940aed8a207d94d6fb) Importer(815301076,1909f56bfc062723c751e8b465ee728b)  -> (artifact id: '982f06f12038f16eac0158185290ef2b') in 0.014433 seconds
  Import took 0.021394 seconds .

========================================================================
Received Import Request.
  Time since last request: 0.000231 seconds.
  path: Assets/TerrainData_039fdc47-5122-441a-bb79-6e3253b33937.asset
  artifactKey: Guid(55e0afe5ad4fbc343ae6f12b84ed6e8d) Importer(815301076,1909f56bfc062723c751e8b465ee728b)
Start importing Assets/TerrainData_039fdc47-5122-441a-bb79-6e3253b33937.asset using Guid(55e0afe5ad4fbc343ae6f12b84ed6e8d) Importer(815301076,1909f56bfc062723c751e8b465ee728b)  -> (artifact id: 'aff75b69d8a8076ea61b32fa3de2a42b') in 0.017207 seconds
  Import took 0.024182 seconds .

========================================================================
Received Import Request.
  Time since last request: 0.000208 seconds.
  path: Assets/TerrainData_c1a121d2-2d9e-4b6d-bc7f-42b30cdf6aa3.asset
  artifactKey: Guid(7617370a36b9b384c9199156ac3987ca) Importer(815301076,1909f56bfc062723c751e8b465ee728b)
Start importing Assets/TerrainData_c1a121d2-2d9e-4b6d-bc7f-42b30cdf6aa3.asset using Guid(7617370a36b9b384c9199156ac3987ca) Importer(815301076,1909f56bfc062723c751e8b465ee728b)  -> (artifact id: '05f6db9e80c56c6f3a24c8ee416c3e85') in 0.014368 seconds
  Import took 0.020508 seconds .

========================================================================
Received Import Request.
  Time since last request: 0.000186 seconds.
  path: Assets/New Terrain 6.asset
  artifactKey: Guid(e63902b9fb98b654ab328602aed7f2c3) Importer(815301076,1909f56bfc062723c751e8b465ee728b)
Start importing Assets/New Terrain 6.asset using Guid(e63902b9fb98b654ab328602aed7f2c3) Importer(815301076,1909f56bfc062723c751e8b465ee728b)  -> (artifact id: 'e6b884619d967445bf7c35d55ed344e6') in 0.018208 seconds
  Import took 0.025716 seconds .

========================================================================
Received Import Request.
  Time since last request: 0.000218 seconds.
  path: Assets/TerrainData_3f0ac1f4-c219-4224-9c30-76a4fbc55847.asset
  artifactKey: Guid(dd37ca00685dcfa4396de001a912b853) Importer(815301076,1909f56bfc062723c751e8b465ee728b)
Start importing Assets/TerrainData_3f0ac1f4-c219-4224-9c30-76a4fbc55847.asset using Guid(dd37ca00685dcfa4396de001a912b853) Importer(815301076,1909f56bfc062723c751e8b465ee728b)  -> (artifact id: '52dfc36757a9a35ffc4902ed73184c24') in 0.014124 seconds
  Import took 0.021063 seconds .

========================================================================
Received Import Request.
  Time since last request: 0.000207 seconds.
  path: Assets/TerrainData_4d956140-1740-4d05-a6b4-37d798449ddd.asset
  artifactKey: Guid(2e28f86843666c444a8f36d7680ea873) Importer(815301076,1909f56bfc062723c751e8b465ee728b)
Start importing Assets/TerrainData_4d956140-1740-4d05-a6b4-37d798449ddd.asset using Guid(2e28f86843666c444a8f36d7680ea873) Importer(815301076,1909f56bfc062723c751e8b465ee728b)  -> (artifact id: '1c38189e4f697182b3c43d189548600c') in 0.023331 seconds
  Import took 0.029750 seconds .

========================================================================
Received Prepare
Registering precompiled user dll's ...
Registered in 0.009336 seconds.
Begin MonoManager ReloadAssembly
Native extension for WindowsStandalone target not found
Refreshing native plugins compatible for Editor in 1.02 ms, found 10 plugins.
Preloading 1 native plugins for Editor in 0.09 ms.
NullReferenceException: Object reference not set to an instance of an object
  at Unity.XR.Oculus.OculusLoader.AssetPathToAbsolutePath (System.String assetPath) [0x00048] in C:\Users\Igor Iurevici\Desktop\Divergences\Corridor\Library\PackageCache\com.unity.xr.oculus@1.9.1\Runtime\OculusLoader.cs:249 
  at Unity.XR.Oculus.OculusLoader.EditorLoadOVRPlugin () [0x0007b] in C:\Users\Igor Iurevici\Desktop\Divergences\Corridor\Library\PackageCache\com.unity.xr.oculus@1.9.1\Runtime\OculusLoader.cs:234 

(Filename: Library/PackageCache/com.unity.xr.oculus@1.9.1/Runtime/OculusLoader.cs Line: 249)

Mono: successfully reloaded assembly
- Completed reload, in  1.579 seconds
Platform modules already initialized, skipping
Shader 'Universal Render Pipeline/Particles/Lit': fallback shader 'Universal Render Pipeline/Particles/SimpleLit' not found
Shader 'Universal Render Pipeline/Particles/Lit': fallback shader 'Universal Render Pipeline/Particles/SimpleLit' not found
Refreshing native plugins compatible for Editor in 1.03 ms, found 10 plugins.
Preloading 1 native plugins for Editor in 0.09 ms.
Unloading 3574 Unused Serialized files (Serialized files now loaded: 0)
System memory in use before: 183.1 MB.
System memory in use after: 181.7 MB.

Unloading 51 unused Assets to reduce memory usage. Loaded Objects now: 4201.
Total: 4.270400 ms (FindLiveObjects: 0.425600 ms CreateObjectMapping: 0.171100 ms MarkObjects: 2.774800 ms  DeleteObjects: 0.897500 ms)

========================================================================
Received Import Request.
  Time since last request: 546.586919 seconds.
  path: Assets/GrassFlowers/Textures/GrassFlowers/grass1.mat
  artifactKey: Guid(97c86d320f8e9d14c8c59dc80b4007af) Importer(815301076,1909f56bfc062723c751e8b465ee728b)
Start importing Assets/GrassFlowers/Textures/GrassFlowers/grass1.mat using Guid(97c86d320f8e9d14c8c59dc80b4007af) Importer(815301076,1909f56bfc062723c751e8b465ee728b)  -> (artifact id: 'e181aff214fcad28df5529e57ac20c99') in 0.233900 seconds
  Import took 0.242132 seconds .

========================================================================
Received Import Request.
  Time since last request: 0.004138 seconds.
  path: Assets/GrassFlowers/Textures/GrassFlowers/grass1.mat
  artifactKey: Guid(97c86d320f8e9d14c8c59dc80b4007af) Importer(815301076,1909f56bfc062723c751e8b465ee728b)
Start importing Assets/GrassFlowers/Textures/GrassFlowers/grass1.mat using Guid(97c86d320f8e9d14c8c59dc80b4007af) Importer(815301076,1909f56bfc062723c751e8b465ee728b)  -> (artifact id: 'e181aff214fcad28df5529e57ac20c99') in 0.016449 seconds
  Import took 0.023231 seconds .

========================================================================
Received Prepare
Registering precompiled user dll's ...
Registered in 0.011602 seconds.
Begin MonoManager ReloadAssembly
Native extension for WindowsStandalone target not found
Refreshing native plugins compatible for Editor in 1.18 ms, found 10 plugins.
Preloading 1 native plugins for Editor in 0.15 ms.
NullReferenceException: Object reference not set to an instance of an object
  at Unity.XR.Oculus.OculusLoader.AssetPathToAbsolutePath (System.String assetPath) [0x00048] in C:\Users\Igor Iurevici\Desktop\Divergences\Corridor\Library\PackageCache\com.unity.xr.oculus@1.9.1\Runtime\OculusLoader.cs:249 
  at Unity.XR.Oculus.OculusLoader.EditorLoadOVRPlugin () [0x0007b] in C:\Users\Igor Iurevici\Desktop\Divergences\Corridor\Library\PackageCache\com.unity.xr.oculus@1.9.1\Runtime\OculusLoader.cs:234 

(Filename: Library/PackageCache/com.unity.xr.oculus@1.9.1/Runtime/OculusLoader.cs Line: 249)

Mono: successfully reloaded assembly
- Completed reload, in  1.642 seconds
Platform modules already initialized, skipping
Shader 'Universal Render Pipeline/Particles/Lit': fallback shader 'Universal Render Pipeline/Particles/SimpleLit' not found
Shader 'Universal Render Pipeline/Particles/Lit': fallback shader 'Universal Render Pipeline/Particles/SimpleLit' not found
Refreshing native plugins compatible for Editor in 1.10 ms, found 10 plugins.
Preloading 1 native plugins for Editor in 0.11 ms.
Unloading 3563 Unused Serialized files (Serialized files now loaded: 0)
System memory in use before: 184.8 MB.
System memory in use after: 183.5 MB.

Unloading 51 unused Assets to reduce memory usage. Loaded Objects now: 4282.
Total: 3.956300 ms (FindLiveObjects: 0.324100 ms CreateObjectMapping: 0.144400 ms MarkObjects: 2.621600 ms  DeleteObjects: 0.864600 ms)

========================================================================
Received Prepare
Registering precompiled user dll's ...
Registered in 0.009306 seconds.
Begin MonoManager ReloadAssembly
Native extension for WindowsStandalone target not found
Refreshing native plugins compatible for Editor in 1.13 ms, found 10 plugins.
Preloading 1 native plugins for Editor in 0.10 ms.
NullReferenceException: Object reference not set to an instance of an object
  at Unity.XR.Oculus.OculusLoader.AssetPathToAbsolutePath (System.String assetPath) [0x00048] in C:\Users\Igor Iurevici\Desktop\Divergences\Corridor\Library\PackageCache\com.unity.xr.oculus@1.9.1\Runtime\OculusLoader.cs:249 
  at Unity.XR.Oculus.OculusLoader.EditorLoadOVRPlugin () [0x0007b] in C:\Users\Igor Iurevici\Desktop\Divergences\Corridor\Library\PackageCache\com.unity.xr.oculus@1.9.1\Runtime\OculusLoader.cs:234 

(Filename: Library/PackageCache/com.unity.xr.oculus@1.9.1/Runtime/OculusLoader.cs Line: 249)

Mono: successfully reloaded assembly
- Completed reload, in  1.689 seconds
Platform modules already initialized, skipping
Shader 'Universal Render Pipeline/Particles/Lit': fallback shader 'Universal Render Pipeline/Particles/SimpleLit' not found
Shader 'Universal Render Pipeline/Particles/Lit': fallback shader 'Universal Render Pipeline/Particles/SimpleLit' not found
Refreshing native plugins compatible for Editor in 1.09 ms, found 10 plugins.
Preloading 1 native plugins for Editor in 0.09 ms.
Unloading 3563 Unused Serialized files (Serialized files now loaded: 0)
System memory in use before: 184.9 MB.
System memory in use after: 183.5 MB.

Unloading 51 unused Assets to reduce memory usage. Loaded Objects now: 4286.
Total: 4.392100 ms (FindLiveObjects: 0.322500 ms CreateObjectMapping: 0.146400 ms MarkObjects: 3.005000 ms  DeleteObjects: 0.916800 ms)

========================================================================
Received Import Request.
  Time since last request: 3337.466824 seconds.
  path: Assets/Materials/Marble/Terrazzo004_2K_Color.jpg
  artifactKey: Guid(57b36e54e4b334b1dac52a457485087c) Importer(815301076,1909f56bfc062723c751e8b465ee728b)
Start importing Assets/Materials/Marble/Terrazzo004_2K_Color.jpg using Guid(57b36e54e4b334b1dac52a457485087c) Importer(815301076,1909f56bfc062723c751e8b465ee728b)  -> (artifact id: 'b07cd4f9123d93ef34de75b88722d2cf') in 0.095072 seconds
  Import took 0.102312 seconds .

========================================================================
Received Import Request.
  Time since last request: 0.000198 seconds.
  path: Assets/Materials/Marble/Terrazzo004_2K_NormalDX.jpg
  artifactKey: Guid(339d96920ca89445dae0492ece400fe9) Importer(815301076,1909f56bfc062723c751e8b465ee728b)
Start importing Assets/Materials/Marble/Terrazzo004_2K_NormalDX.jpg using Guid(339d96920ca89445dae0492ece400fe9) Importer(815301076,1909f56bfc062723c751e8b465ee728b)  -> (artifact id: '6ee27848ba9b1fc16fa548760f20e080') in 0.031216 seconds
  Import took 0.037687 seconds .

========================================================================
Received Import Request.
  Time since last request: 0.000211 seconds.
  path: Assets/Materials/Marble/Terrazzo004_2K_Color.jpg
  artifactKey: Guid(57b36e54e4b334b1dac52a457485087c) Importer(815301076,1909f56bfc062723c751e8b465ee728b)
Start importing Assets/Materials/Marble/Terrazzo004_2K_Color.jpg using Guid(57b36e54e4b334b1dac52a457485087c) Importer(815301076,1909f56bfc062723c751e8b465ee728b)  -> (artifact id: 'b07cd4f9123d93ef34de75b88722d2cf') in 0.019627 seconds
  Import took 0.026227 seconds .

========================================================================
Received Import Request.
  Time since last request: 0.000208 seconds.
  path: Assets/Materials/Floor_Wet/water3.jpg
  artifactKey: Guid(eea26fa9e4f684fcfb69dec828e73a0d) Importer(815301076,1909f56bfc062723c751e8b465ee728b)
Start importing Assets/Materials/Floor_Wet/water3.jpg using Guid(eea26fa9e4f684fcfb69dec828e73a0d) Importer(815301076,1909f56bfc062723c751e8b465ee728b)  -> (artifact id: '67be76eb78bc58dd4ff241e501884b77') in 0.016601 seconds
  Import took 0.022838 seconds .

========================================================================
Received Import Request.
  Time since last request: 0.896353 seconds.
  path: Assets/Materials/Marble/Screenshot 2023-07-16 alle 21.40.00.png
  artifactKey: Guid(5167aa0fa9b084b448c612bfce5563e2) Importer(815301076,1909f56bfc062723c751e8b465ee728b)
Start importing Assets/Materials/Marble/Screenshot 2023-07-16 alle 21.40.00.png using Guid(5167aa0fa9b084b448c612bfce5563e2) Importer(815301076,1909f56bfc062723c751e8b465ee728b)  -> (artifact id: 'b3362e806985445ab989abd1462d4a25') in 0.021747 seconds
  Import took 0.029349 seconds .

========================================================================
Received Import Request.
  Time since last request: 0.000175 seconds.
  path: Assets/Materials/Marble/Terrazzo004_PREVIEW.jpg
  artifactKey: Guid(ca4627e7ac11c49afae4114dfbd78fa6) Importer(815301076,1909f56bfc062723c751e8b465ee728b)
Start importing Assets/Materials/Marble/Terrazzo004_PREVIEW.jpg using Guid(ca4627e7ac11c49afae4114dfbd78fa6) Importer(815301076,1909f56bfc062723c751e8b465ee728b)  -> (artifact id: '72f669401fc484ca70d13dbb41e0aaa2') in 0.016812 seconds
  Import took 0.023614 seconds .

========================================================================
Received Import Request.
  Time since last request: 0.000179 seconds.
  path: Assets/Materials/Marble/Terrazzo004_2K_Roughness.jpg
  artifactKey: Guid(9de3003a28bd44910b6725e29a4e6fab) Importer(815301076,1909f56bfc062723c751e8b465ee728b)
Start importing Assets/Materials/Marble/Terrazzo004_2K_Roughness.jpg using Guid(9de3003a28bd44910b6725e29a4e6fab) Importer(815301076,1909f56bfc062723c751e8b465ee728b)  -> (artifact id: '6e45a1204618e7fa4942ded8356c23b6') in 0.020365 seconds
  Import took 0.027766 seconds .

========================================================================
Received Import Request.
  Time since last request: 0.000203 seconds.
  path: Assets/Materials/Marble/Terrazzo004_2K_NormalGL.jpg
  artifactKey: Guid(076e5745e452d40e6a26720f256ef2b1) Importer(815301076,1909f56bfc062723c751e8b465ee728b)
Start importing Assets/Materials/Marble/Terrazzo004_2K_NormalGL.jpg using Guid(076e5745e452d40e6a26720f256ef2b1) Importer(815301076,1909f56bfc062723c751e8b465ee728b)  -> (artifact id: 'a33dc56ea59765b8b522e537655def4d') in 0.020785 seconds
  Import took 0.028028 seconds .

========================================================================
Received Import Request.
  Time since last request: 0.000179 seconds.
  path: Assets/Materials/Marble/Terrazzo004_2K_Displacement.jpg
  artifactKey: Guid(eea47b58c031e441b98ebacc2253a952) Importer(815301076,1909f56bfc062723c751e8b465ee728b)
Start importing Assets/Materials/Marble/Terrazzo004_2K_Displacement.jpg using Guid(eea47b58c031e441b98ebacc2253a952) Importer(815301076,1909f56bfc062723c751e8b465ee728b)  -> (artifact id: 'c7842ae1550cc758d2bd44ff819a09eb') in 0.020070 seconds
  Import took 0.027733 seconds .

========================================================================
Received Import Request.
  Time since last request: 0.000239 seconds.
  path: Assets/Materials/Marble/Screenshot 2023-07-16 alle 21.40.00.png
  artifactKey: Guid(5167aa0fa9b084b448c612bfce5563e2) Importer(815301076,1909f56bfc062723c751e8b465ee728b)
Start importing Assets/Materials/Marble/Screenshot 2023-07-16 alle 21.40.00.png using Guid(5167aa0fa9b084b448c612bfce5563e2) Importer(815301076,1909f56bfc062723c751e8b465ee728b)  -> (artifact id: 'b3362e806985445ab989abd1462d4a25') in 0.023517 seconds
  Import took 0.031518 seconds .

========================================================================
Received Import Request.
  Time since last request: 0.008601 seconds.
  path: Assets/Materials/Marble/Terrazzo004_2K_NormalGL.jpg
  artifactKey: Guid(076e5745e452d40e6a26720f256ef2b1) Importer(815301076,1909f56bfc062723c751e8b465ee728b)
Start importing Assets/Materials/Marble/Terrazzo004_2K_NormalGL.jpg using Guid(076e5745e452d40e6a26720f256ef2b1) Importer(815301076,1909f56bfc062723c751e8b465ee728b)  -> (artifact id: 'a33dc56ea59765b8b522e537655def4d') in 0.015744 seconds
  Import took 0.023935 seconds .

========================================================================
Received Import Request.
  Time since last request: 30.027057 seconds.
  path: Assets/Materials/Floor_Wet/Path.png
  artifactKey: Guid(57340dcbada2d40299d2f55d596fcb51) Importer(815301076,1909f56bfc062723c751e8b465ee728b)
Start importing Assets/Materials/Floor_Wet/Path.png using Guid(57340dcbada2d40299d2f55d596fcb51) Importer(815301076,1909f56bfc062723c751e8b465ee728b)  -> (artifact id: '6e1d966aa4de3267c089e726a13436f2') in 0.017102 seconds
  Import took 0.023521 seconds .

========================================================================
Received Import Request.
  Time since last request: 0.000177 seconds.
  path: Assets/Materials/Floor_Wet/Water 2.jpg
  artifactKey: Guid(b9170d15c2b6d406f9ba03077aba1942) Importer(815301076,1909f56bfc062723c751e8b465ee728b)
Start importing Assets/Materials/Floor_Wet/Water 2.jpg using Guid(b9170d15c2b6d406f9ba03077aba1942) Importer(815301076,1909f56bfc062723c751e8b465ee728b)  -> (artifact id: '9c67827237f604fc84706eabbd0b53df') in 0.016006 seconds
  Import took 0.022337 seconds .

========================================================================
Received Import Request.
  Time since last request: 0.000193 seconds.
  path: Assets/Materials/Floor_Wet/Tiles078_1K_Displacement.png
  artifactKey: Guid(d0eee26704a7d44e4a92774d9dfbcaf6) Importer(815301076,1909f56bfc062723c751e8b465ee728b)
Start importing Assets/Materials/Floor_Wet/Tiles078_1K_Displacement.png using Guid(d0eee26704a7d44e4a92774d9dfbcaf6) Importer(815301076,1909f56bfc062723c751e8b465ee728b)  -> (artifact id: '22018b58d52f84034f122a7d7b80471f') in 0.018844 seconds
  Import took 0.025126 seconds .

========================================================================
Received Import Request.
  Time since last request: 0.000208 seconds.
  path: Assets/Materials/Floor_Wet/water5.jpeg
  artifactKey: Guid(ac51ae0bf57b44e829784e8e9779a516) Importer(815301076,1909f56bfc062723c751e8b465ee728b)
Start importing Assets/Materials/Floor_Wet/water5.jpeg using Guid(ac51ae0bf57b44e829784e8e9779a516) Importer(815301076,1909f56bfc062723c751e8b465ee728b)  -> (artifact id: '2ffa048bbd4e1e3146c2aa766770c779') in 0.018556 seconds
  Import took 0.025736 seconds .

========================================================================
Received Import Request.
  Time since last request: 0.000173 seconds.
  path: Assets/Materials/Floor_Wet/Water_original.png
  artifactKey: Guid(f766d51b092e5476b815942d57a56da5) Importer(815301076,1909f56bfc062723c751e8b465ee728b)
Start importing Assets/Materials/Floor_Wet/Water_original.png using Guid(f766d51b092e5476b815942d57a56da5) Importer(815301076,1909f56bfc062723c751e8b465ee728b)  -> (artifact id: '39aa7c860fdc5408a643c091bf24b37f') in 0.018295 seconds
  Import took 0.024779 seconds .

========================================================================
Received Import Request.
  Time since last request: 0.000183 seconds.
  path: Assets/Materials/Floor_Wet/Tiles078_1K_Color.png
  artifactKey: Guid(2deed7107afc74738867bdf5c78df9ba) Importer(815301076,1909f56bfc062723c751e8b465ee728b)
Start importing Assets/Materials/Floor_Wet/Tiles078_1K_Color.png using Guid(2deed7107afc74738867bdf5c78df9ba) Importer(815301076,1909f56bfc062723c751e8b465ee728b)  -> (artifact id: '596917036138f486f64e2c5d180d5d10') in 0.019969 seconds
  Import took 0.026587 seconds .

========================================================================
Received Import Request.
  Time since last request: 0.000184 seconds.
  path: Assets/Materials/Floor_Wet/Tiles078_PREVIEW.jpg
  artifactKey: Guid(976983fe0b49b4f299e52d3cd9c7ff19) Importer(815301076,1909f56bfc062723c751e8b465ee728b)
Start importing Assets/Materials/Floor_Wet/Tiles078_PREVIEW.jpg using Guid(976983fe0b49b4f299e52d3cd9c7ff19) Importer(815301076,1909f56bfc062723c751e8b465ee728b)  -> (artifact id: 'bfe0a447e627f6e902d9feba29d775b2') in 0.015765 seconds
  Import took 0.021658 seconds .

========================================================================
Received Import Request.
  Time since last request: 0.000175 seconds.
  path: Assets/Materials/Floor_Wet/Wood.mat
  artifactKey: Guid(8d567b344eadb4d57bbcecce1aeea4a0) Importer(815301076,1909f56bfc062723c751e8b465ee728b)
Start importing Assets/Materials/Floor_Wet/Wood.mat using Guid(8d567b344eadb4d57bbcecce1aeea4a0) Importer(815301076,1909f56bfc062723c751e8b465ee728b)  -> (artifact id: '30a2b67cf6d4a323f126b3e1760a97df') in 0.160979 seconds
  Import took 0.167237 seconds .

========================================================================
Received Import Request.
  Time since last request: 0.000169 seconds.
  path: Assets/Materials/Floor_Wet/Tiles078_1K_Roughness.png
  artifactKey: Guid(bf129b5f44d9442cbb3585bf7882047b) Importer(815301076,1909f56bfc062723c751e8b465ee728b)
Start importing Assets/Materials/Floor_Wet/Tiles078_1K_Roughness.png using Guid(bf129b5f44d9442cbb3585bf7882047b) Importer(815301076,1909f56bfc062723c751e8b465ee728b)  -> (artifact id: '443f848ed0658f2ef3931584a41e1acc') in 0.016007 seconds
  Import took 0.022332 seconds .

========================================================================
Received Import Request.
  Time since last request: 0.000178 seconds.
  path: Assets/Materials/Floor_Wet/Tiles078_1K_NormalDX.png
  artifactKey: Guid(29c92ad038c334508ad9418b18294475) Importer(815301076,1909f56bfc062723c751e8b465ee728b)
Start importing Assets/Materials/Floor_Wet/Tiles078_1K_NormalDX.png using Guid(29c92ad038c334508ad9418b18294475) Importer(815301076,1909f56bfc062723c751e8b465ee728b)  -> (artifact id: '84f2694a2872300ef1ab175d3093e573') in 0.017148 seconds
  Import took 0.024195 seconds .

========================================================================
Received Import Request.
  Time since last request: 0.000191 seconds.
  path: Assets/Materials/Floor_Wet/Tiles078_1K_NormalGL.png
  artifactKey: Guid(f79ff115151dc4e3c8cc15e68ba74cbe) Importer(815301076,1909f56bfc062723c751e8b465ee728b)
Start importing Assets/Materials/Floor_Wet/Tiles078_1K_NormalGL.png using Guid(f79ff115151dc4e3c8cc15e68ba74cbe) Importer(815301076,1909f56bfc062723c751e8b465ee728b)  -> (artifact id: 'e3a0b269900c93bc2fad437a481ef485') in 0.016640 seconds
  Import took 0.023228 seconds .

========================================================================
Received Import Request.
  Time since last request: 0.000171 seconds.
  path: Assets/Materials/Floor_Wet/water2.jpg
  artifactKey: Guid(cd1b53553795b46648cc2fc0a5f108c9) Importer(815301076,1909f56bfc062723c751e8b465ee728b)
Start importing Assets/Materials/Floor_Wet/water2.jpg using Guid(cd1b53553795b46648cc2fc0a5f108c9) Importer(815301076,1909f56bfc062723c751e8b465ee728b)  -> (artifact id: 'ac18166c9a785c8f76905452ccc2980c') in 0.017450 seconds
  Import took 0.024343 seconds .

========================================================================
Received Import Request.
  Time since last request: 0.000203 seconds.
  path: Assets/Materials/Floor_Wet/water4.jpg
  artifactKey: Guid(c01710b1d582b4445a1f2de283aea651) Importer(815301076,1909f56bfc062723c751e8b465ee728b)
Start importing Assets/Materials/Floor_Wet/water4.jpg using Guid(c01710b1d582b4445a1f2de283aea651) Importer(815301076,1909f56bfc062723c751e8b465ee728b)  -> (artifact id: 'da8d35f2ebf5ea1d895ed0050938311d') in 0.016240 seconds
  Import took 0.022868 seconds .

========================================================================
Received Import Request.
  Time since last request: 0.002925 seconds.
  path: Assets/Materials/Floor_Wet/water2.jpg
  artifactKey: Guid(cd1b53553795b46648cc2fc0a5f108c9) Importer(815301076,1909f56bfc062723c751e8b465ee728b)
Start importing Assets/Materials/Floor_Wet/water2.jpg using Guid(cd1b53553795b46648cc2fc0a5f108c9) Importer(815301076,1909f56bfc062723c751e8b465ee728b)  -> (artifact id: 'ac18166c9a785c8f76905452ccc2980c') in 0.015424 seconds
  Import took 0.022477 seconds .

========================================================================
Received Prepare
Registering precompiled user dll's ...
Registered in 0.011199 seconds.
Begin MonoManager ReloadAssembly
Native extension for WindowsStandalone target not found
Refreshing native plugins compatible for Editor in 1.06 ms, found 10 plugins.
Preloading 1 native plugins for Editor in 0.11 ms.
NullReferenceException: Object reference not set to an instance of an object
  at Unity.XR.Oculus.OculusLoader.AssetPathToAbsolutePath (System.String assetPath) [0x00048] in C:\Users\Igor Iurevici\Desktop\Divergences\Corridor\Library\PackageCache\com.unity.xr.oculus@1.9.1\Runtime\OculusLoader.cs:249 
  at Unity.XR.Oculus.OculusLoader.EditorLoadOVRPlugin () [0x0007b] in C:\Users\Igor Iurevici\Desktop\Divergences\Corridor\Library\PackageCache\com.unity.xr.oculus@1.9.1\Runtime\OculusLoader.cs:234 

(Filename: Library/PackageCache/com.unity.xr.oculus@1.9.1/Runtime/OculusLoader.cs Line: 249)

Mono: successfully reloaded assembly
- Completed reload, in  1.931 seconds
Platform modules already initialized, skipping
Shader 'Universal Render Pipeline/Particles/Lit': fallback shader 'Universal Render Pipeline/Particles/SimpleLit' not found
Shader 'Universal Render Pipeline/Particles/Lit': fallback shader 'Universal Render Pipeline/Particles/SimpleLit' not found
Refreshing native plugins compatible for Editor in 1.33 ms, found 10 plugins.
Preloading 1 native plugins for Editor in 0.14 ms.
Unloading 3563 Unused Serialized files (Serialized files now loaded: 0)
System memory in use before: 185.1 MB.
System memory in use after: 183.7 MB.

Unloading 51 unused Assets to reduce memory usage. Loaded Objects now: 4329.
Total: 4.620200 ms (FindLiveObjects: 0.339800 ms CreateObjectMapping: 0.165500 ms MarkObjects: 3.135900 ms  DeleteObjects: 0.977100 ms)

========================================================================
Received Import Request.
  Time since last request: 439.810835 seconds.
  path: Assets/Materials/Metal032_2K-JPG.zip
  artifactKey: Guid(230f6ed434017424f90161626cf09dbb) Importer(815301076,1909f56bfc062723c751e8b465ee728b)
Start importing Assets/Materials/Metal032_2K-JPG.zip using Guid(230f6ed434017424f90161626cf09dbb) Importer(815301076,1909f56bfc062723c751e8b465ee728b)  -> (artifact id: 'd370e0bfaa9afd8752675ca8960d4384') in 0.055274 seconds
  Import took 0.067553 seconds .

========================================================================
Received Import Request.
  Time since last request: 27.669868 seconds.
  path: Assets/Materials/Metal032_2K-JPG/Metal032_2K_Color.jpg
  artifactKey: Guid(d1a8e95ef1d8c394aae97ee3f05b9630) Importer(815301076,1909f56bfc062723c751e8b465ee728b)
Start importing Assets/Materials/Metal032_2K-JPG/Metal032_2K_Color.jpg using Guid(d1a8e95ef1d8c394aae97ee3f05b9630) Importer(815301076,1909f56bfc062723c751e8b465ee728b)  -> (artifact id: '62640c015dcd40fe907238fb4adbfb7e') in 0.031217 seconds
  Import took 0.038505 seconds .

========================================================================
Received Import Request.
  Time since last request: 0.000185 seconds.
  path: Assets/Materials/Metal032_2K-JPG/Metal032_2K_NormalDX.jpg
  artifactKey: Guid(a03de2dca87d0c7458ca2da32ee8b2e7) Importer(815301076,1909f56bfc062723c751e8b465ee728b)
Start importing Assets/Materials/Metal032_2K-JPG/Metal032_2K_NormalDX.jpg using Guid(a03de2dca87d0c7458ca2da32ee8b2e7) Importer(815301076,1909f56bfc062723c751e8b465ee728b)  -> (artifact id: '949a8c13a870399867089df515a62102') in 0.016753 seconds
  Import took 0.023381 seconds .

========================================================================
Received Import Request.
  Time since last request: 0.000188 seconds.
  path: Assets/Materials/Metal032_2K-JPG/Metal032_2K_Displacement.jpg
  artifactKey: Guid(f292da5e6c328974498523f9e027108c) Importer(815301076,1909f56bfc062723c751e8b465ee728b)
Start importing Assets/Materials/Metal032_2K-JPG/Metal032_2K_Displacement.jpg using Guid(f292da5e6c328974498523f9e027108c) Importer(815301076,1909f56bfc062723c751e8b465ee728b)  -> (artifact id: 'f4c0f9c17ddabd6ea7aba64a2e5eb00f') in 0.022575 seconds
  Import took 0.029500 seconds .

========================================================================
Received Import Request.
  Time since last request: 0.000191 seconds.
  path: Assets/Materials/Metal032_2K-JPG/Metal032_2K_Metalness.jpg
  artifactKey: Guid(f6b30507bda687c4e9fb230d1d1f45ae) Importer(815301076,1909f56bfc062723c751e8b465ee728b)
Start importing Assets/Materials/Metal032_2K-JPG/Metal032_2K_Metalness.jpg using Guid(f6b30507bda687c4e9fb230d1d1f45ae) Importer(815301076,1909f56bfc062723c751e8b465ee728b)  -> (artifact id: 'ed6cdcb01a473b3c8d94d0cde42e33e8') in 0.015742 seconds
  Import took 0.021692 seconds .

========================================================================
Received Import Request.
  Time since last request: 0.000187 seconds.
  path: Assets/Materials/Metal032_2K-JPG/Metal032_2K_Roughness.jpg
  artifactKey: Guid(0c622df75a254d545ba883216a17b3d7) Importer(815301076,1909f56bfc062723c751e8b465ee728b)
Start importing Assets/Materials/Metal032_2K-JPG/Metal032_2K_Roughness.jpg using Guid(0c622df75a254d545ba883216a17b3d7) Importer(815301076,1909f56bfc062723c751e8b465ee728b)  -> (artifact id: '6c3937fceb7069591967d71f623f3a1e') in 0.016532 seconds
  Import took 0.022635 seconds .

========================================================================
Received Import Request.
  Time since last request: 0.000205 seconds.
  path: Assets/Materials/Metal032_2K-JPG/Metal032_2K_NormalGL.jpg
  artifactKey: Guid(710e6efb5302c264c96d57ebbe510568) Importer(815301076,1909f56bfc062723c751e8b465ee728b)
Start importing Assets/Materials/Metal032_2K-JPG/Metal032_2K_NormalGL.jpg using Guid(710e6efb5302c264c96d57ebbe510568) Importer(815301076,1909f56bfc062723c751e8b465ee728b)  -> (artifact id: '63aa81d2a5f22c831a83b22304841586') in 0.018226 seconds
  Import took 0.025205 seconds .

========================================================================
Received Import Request.
  Time since last request: 0.000171 seconds.
  path: Assets/Materials/Metal032_2K-JPG/Metal032_PREVIEW.jpg
  artifactKey: Guid(384298fbad9c7cb4eaca4ad4c46b4f5e) Importer(815301076,1909f56bfc062723c751e8b465ee728b)
Start importing Assets/Materials/Metal032_2K-JPG/Metal032_PREVIEW.jpg using Guid(384298fbad9c7cb4eaca4ad4c46b4f5e) Importer(815301076,1909f56bfc062723c751e8b465ee728b)  -> (artifact id: '92dc68e2f688b7a2f052aa58ec04fefe') in 0.016416 seconds
  Import took 0.023426 seconds .

========================================================================
Received Import Request.
  Time since last request: 0.033040 seconds.
  path: Assets/Materials/Metal032_2K-JPG/Metal032_PREVIEW.jpg
  artifactKey: Guid(384298fbad9c7cb4eaca4ad4c46b4f5e) Importer(815301076,1909f56bfc062723c751e8b465ee728b)
Start importing Assets/Materials/Metal032_2K-JPG/Metal032_PREVIEW.jpg using Guid(384298fbad9c7cb4eaca4ad4c46b4f5e) Importer(815301076,1909f56bfc062723c751e8b465ee728b)  -> (artifact id: '92dc68e2f688b7a2f052aa58ec04fefe') in 0.014820 seconds
  Import took 0.022248 seconds .

========================================================================
Received Import Request.
  Time since last request: 107.264490 seconds.
  path: Assets/Materials/Floor_Wet.mat
  artifactKey: Guid(9a7d48d096f46448a8a2598dda63b8a2) Importer(815301076,1909f56bfc062723c751e8b465ee728b)
Start importing Assets/Materials/Floor_Wet.mat using Guid(9a7d48d096f46448a8a2598dda63b8a2) Importer(815301076,1909f56bfc062723c751e8b465ee728b)  -> (artifact id: '34aacaf0ca178db60187c4f0ad7aaeeb') in 0.159309 seconds
  Import took 0.166945 seconds .

========================================================================
Received Prepare
Registering precompiled user dll's ...
Registered in 0.012719 seconds.
Begin MonoManager ReloadAssembly
Native extension for WindowsStandalone target not found
Refreshing native plugins compatible for Editor in 1.66 ms, found 10 plugins.
Preloading 1 native plugins for Editor in 0.14 ms.
NullReferenceException: Object reference not set to an instance of an object
  at Unity.XR.Oculus.OculusLoader.AssetPathToAbsolutePath (System.String assetPath) [0x00048] in C:\Users\Igor Iurevici\Desktop\Divergences\Corridor\Library\PackageCache\com.unity.xr.oculus@1.9.1\Runtime\OculusLoader.cs:249 
  at Unity.XR.Oculus.OculusLoader.EditorLoadOVRPlugin () [0x0007b] in C:\Users\Igor Iurevici\Desktop\Divergences\Corridor\Library\PackageCache\com.unity.xr.oculus@1.9.1\Runtime\OculusLoader.cs:234 

(Filename: Library/PackageCache/com.unity.xr.oculus@1.9.1/Runtime/OculusLoader.cs Line: 249)

Mono: successfully reloaded assembly
- Completed reload, in  2.101 seconds
Platform modules already initialized, skipping
Shader 'Universal Render Pipeline/Particles/Lit': fallback shader 'Universal Render Pipeline/Particles/SimpleLit' not found
Shader 'Universal Render Pipeline/Particles/Lit': fallback shader 'Universal Render Pipeline/Particles/SimpleLit' not found
Refreshing native plugins compatible for Editor in 1.42 ms, found 10 plugins.
Preloading 1 native plugins for Editor in 0.13 ms.
Unloading 3563 Unused Serialized files (Serialized files now loaded: 0)
System memory in use before: 185.3 MB.
System memory in use after: 183.9 MB.

Unloading 51 unused Assets to reduce memory usage. Loaded Objects now: 4369.
Total: 5.354200 ms (FindLiveObjects: 0.322100 ms CreateObjectMapping: 0.203200 ms MarkObjects: 3.475100 ms  DeleteObjects: 1.352200 ms)

========================================================================
Received Import Request.
  Time since last request: 2104.589474 seconds.
  path: Assets/Materials/Metal032_2K-JPG/DiamondPlate007A_2K-JPG/DiamondPlate007A_2K_AmbientOcclusion.jpg
  artifactKey: Guid(32c2abcd33d1f404e958a076fc13934a) Importer(815301076,1909f56bfc062723c751e8b465ee728b)
Start importing Assets/Materials/Metal032_2K-JPG/DiamondPlate007A_2K-JPG/DiamondPlate007A_2K_AmbientOcclusion.jpg using Guid(32c2abcd33d1f404e958a076fc13934a) Importer(815301076,1909f56bfc062723c751e8b465ee728b)  -> (artifact id: '3e3d8aa624ac38803009c62c340a4101') in 0.076004 seconds
  Import took 0.082604 seconds .

========================================================================
Received Import Request.
  Time since last request: 0.000202 seconds.
  path: Assets/Materials/Metal032_2K-JPG/DiamondPlate007A_2K-JPG/DiamondPlate007A_2K_NormalDX.jpg
  artifactKey: Guid(4ea0fb2b11d20a44894b174dd0f17a0d) Importer(815301076,1909f56bfc062723c751e8b465ee728b)
Start importing Assets/Materials/Metal032_2K-JPG/DiamondPlate007A_2K-JPG/DiamondPlate007A_2K_NormalDX.jpg using Guid(4ea0fb2b11d20a44894b174dd0f17a0d) Importer(815301076,1909f56bfc062723c751e8b465ee728b)  -> (artifact id: '1c2078f929f7cf74cf9cf75faef3d61d') in 0.018800 seconds
  Import took 0.025583 seconds .

========================================================================
Received Import Request.
  Time since last request: 0.000175 seconds.
  path: Assets/Materials/Metal032_2K-JPG/DiamondPlate007A_2K-JPG/DiamondPlate007A_2K_Displacement.jpg
  artifactKey: Guid(c0e8e9cac87fc7042a20db0107a04da2) Importer(815301076,1909f56bfc062723c751e8b465ee728b)
Start importing Assets/Materials/Metal032_2K-JPG/DiamondPlate007A_2K-JPG/DiamondPlate007A_2K_Displacement.jpg using Guid(c0e8e9cac87fc7042a20db0107a04da2) Importer(815301076,1909f56bfc062723c751e8b465ee728b)  -> (artifact id: '391d77c2805e98aa9cd0b42845c8ec04') in 0.019868 seconds
  Import took 0.026055 seconds .

========================================================================
Received Import Request.
  Time since last request: 0.000191 seconds.
  path: Assets/Materials/Metal032_2K-JPG/DiamondPlate007A_2K-JPG/DiamondPlate007A_2K_NormalGL.jpg
  artifactKey: Guid(ef47590b0ed75884b82a1ee7c7862689) Importer(815301076,1909f56bfc062723c751e8b465ee728b)
Start importing Assets/Materials/Metal032_2K-JPG/DiamondPlate007A_2K-JPG/DiamondPlate007A_2K_NormalGL.jpg using Guid(ef47590b0ed75884b82a1ee7c7862689) Importer(815301076,1909f56bfc062723c751e8b465ee728b)  -> (artifact id: '4193d6e5e3c5054b1dbc24af8fcfd066') in 0.016745 seconds
  Import took 0.022627 seconds .

========================================================================
Received Import Request.
  Time since last request: 0.000173 seconds.
  path: Assets/Materials/Metal032_2K-JPG/DiamondPlate007A_2K-JPG/DiamondPlate007A_2K_Roughness.jpg
  artifactKey: Guid(7bdf7e23385730b45b40aaecbaf87110) Importer(815301076,1909f56bfc062723c751e8b465ee728b)
Start importing Assets/Materials/Metal032_2K-JPG/DiamondPlate007A_2K-JPG/DiamondPlate007A_2K_Roughness.jpg using Guid(7bdf7e23385730b45b40aaecbaf87110) Importer(815301076,1909f56bfc062723c751e8b465ee728b)  -> (artifact id: '0f5bbe7c9123cd9934454b8ad9ee3380') in 0.018024 seconds
  Import took 0.024813 seconds .

========================================================================
Received Import Request.
  Time since last request: 0.000418 seconds.
  path: Assets/Materials/Metal032_2K-JPG/DiamondPlate007A_2K-JPG/DiamondPlate007A_PREVIEW.jpg
  artifactKey: Guid(f78faf6cd6c3d7a4db601fe4561fa259) Importer(815301076,1909f56bfc062723c751e8b465ee728b)
Start importing Assets/Materials/Metal032_2K-JPG/DiamondPlate007A_2K-JPG/DiamondPlate007A_PREVIEW.jpg using Guid(f78faf6cd6c3d7a4db601fe4561fa259) Importer(815301076,1909f56bfc062723c751e8b465ee728b)  -> (artifact id: '67b60cf7bb0f7a35bdc185ebb3ed4e01') in 0.016918 seconds
  Import took 0.024157 seconds .

========================================================================
Received Import Request.
  Time since last request: 0.000174 seconds.
  path: Assets/Materials/Metal032_2K-JPG/DiamondPlate007A_2K-JPG/DiamondPlate007A_2K_Metalness.jpg
  artifactKey: Guid(24898e03979d14949a00f3dd0284a3b2) Importer(815301076,1909f56bfc062723c751e8b465ee728b)
Start importing Assets/Materials/Metal032_2K-JPG/DiamondPlate007A_2K-JPG/DiamondPlate007A_2K_Metalness.jpg using Guid(24898e03979d14949a00f3dd0284a3b2) Importer(815301076,1909f56bfc062723c751e8b465ee728b)  -> (artifact id: '27031bd12abe7d592d20d0c2a7189a28') in 0.015815 seconds
  Import took 0.022188 seconds .

========================================================================
Received Import Request.
  Time since last request: 0.000197 seconds.
  path: Assets/Materials/Metal032_2K-JPG/DiamondPlate007A_2K-JPG/DiamondPlate007A_2K_Color.jpg
  artifactKey: Guid(99b6e2b2464ddc648b6b92790f63c319) Importer(815301076,1909f56bfc062723c751e8b465ee728b)
Start importing Assets/Materials/Metal032_2K-JPG/DiamondPlate007A_2K-JPG/DiamondPlate007A_2K_Color.jpg using Guid(99b6e2b2464ddc648b6b92790f63c319) Importer(815301076,1909f56bfc062723c751e8b465ee728b)  -> (artifact id: '36f9c554761be3b0ee3bc0e7eeabc5de') in 0.019349 seconds
  Import took 0.026196 seconds .

========================================================================
Received Import Request.
  Time since last request: 0.004405 seconds.
  path: Assets/Materials/Metal032_2K-JPG/DiamondPlate007A_2K-JPG/DiamondPlate007A_2K_Metalness.jpg
  artifactKey: Guid(24898e03979d14949a00f3dd0284a3b2) Importer(815301076,1909f56bfc062723c751e8b465ee728b)
Start importing Assets/Materials/Metal032_2K-JPG/DiamondPlate007A_2K-JPG/DiamondPlate007A_2K_Metalness.jpg using Guid(24898e03979d14949a00f3dd0284a3b2) Importer(815301076,1909f56bfc062723c751e8b465ee728b)  -> (artifact id: '27031bd12abe7d592d20d0c2a7189a28') in 0.007621 seconds
  Import took 0.014822 seconds .

========================================================================
Received Import Request.
  Time since last request: 202.446389 seconds.
  path: Assets/Materials/Floor/Tiles078_1K_Color.png
  artifactKey: Guid(9f8d3a23577d6494dbcd4dd79a2eb616) Importer(815301076,1909f56bfc062723c751e8b465ee728b)
Start importing Assets/Materials/Floor/Tiles078_1K_Color.png using Guid(9f8d3a23577d6494dbcd4dd79a2eb616) Importer(815301076,1909f56bfc062723c751e8b465ee728b)  -> (artifact id: 'e832882b1de9b386b2c90795d1c6f3be') in 0.016279 seconds
  Import took 0.023545 seconds .

========================================================================
Received Import Request.
  Time since last request: 0.000234 seconds.
  path: Assets/Materials/Floor/Tiles078_1K_NormalGL.png
  artifactKey: Guid(a7fc002ed4b7f41748221a2284f6b6e2) Importer(815301076,1909f56bfc062723c751e8b465ee728b)
Start importing Assets/Materials/Floor/Tiles078_1K_NormalGL.png using Guid(a7fc002ed4b7f41748221a2284f6b6e2) Importer(815301076,1909f56bfc062723c751e8b465ee728b)  -> (artifact id: '0d92d55e214e557e2c24cebac1289e3b') in 0.020175 seconds
  Import took 0.026344 seconds .

========================================================================
Received Import Request.
  Time since last request: 0.000180 seconds.
  path: Assets/Materials/Floor/Tiles078_1K_Displacement.png
  artifactKey: Guid(891fd9c53f2bd4b7a90bb1d17256f730) Importer(815301076,1909f56bfc062723c751e8b465ee728b)
Start importing Assets/Materials/Floor/Tiles078_1K_Displacement.png using Guid(891fd9c53f2bd4b7a90bb1d17256f730) Importer(815301076,1909f56bfc062723c751e8b465ee728b)  -> (artifact id: '611712e2a7292f275f09dabffa15c51c') in 0.015151 seconds
  Import took 0.021443 seconds .

========================================================================
Received Import Request.
  Time since last request: 0.000227 seconds.
  path: Assets/Materials/Floor/Tiles078_1K_Roughness.png
  artifactKey: Guid(4671a7823ba8b4bc6bf455539be8844a) Importer(815301076,1909f56bfc062723c751e8b465ee728b)
Start importing Assets/Materials/Floor/Tiles078_1K_Roughness.png using Guid(4671a7823ba8b4bc6bf455539be8844a) Importer(815301076,1909f56bfc062723c751e8b465ee728b)  -> (artifact id: 'bc46d9b070ad357f63b9ae55147e80db') in 0.015089 seconds
  Import took 0.023014 seconds .

========================================================================
Received Import Request.
  Time since last request: 278.416188 seconds.
  path: Assets/Materials/Marble/Screenshot 2023-07-16 alle 21.40.00 1.png
  artifactKey: Guid(42095a61eafe17344804a86360385703) Importer(815301076,1909f56bfc062723c751e8b465ee728b)
Start importing Assets/Materials/Marble/Screenshot 2023-07-16 alle 21.40.00 1.png using Guid(42095a61eafe17344804a86360385703) Importer(815301076,1909f56bfc062723c751e8b465ee728b)  -> (artifact id: '8e5ace974a4dd623c22831419445d7e6') in 0.016541 seconds
  Import took 0.023624 seconds .

========================================================================
Received Prepare
Registering precompiled user dll's ...
Registered in 0.010004 seconds.
Begin MonoManager ReloadAssembly
Native extension for WindowsStandalone target not found
Refreshing native plugins compatible for Editor in 1.05 ms, found 10 plugins.
Preloading 1 native plugins for Editor in 0.10 ms.
NullReferenceException: Object reference not set to an instance of an object
  at Unity.XR.Oculus.OculusLoader.AssetPathToAbsolutePath (System.String assetPath) [0x00048] in C:\Users\Igor Iurevici\Desktop\Divergences\Corridor\Library\PackageCache\com.unity.xr.oculus@1.9.1\Runtime\OculusLoader.cs:249 
  at Unity.XR.Oculus.OculusLoader.EditorLoadOVRPlugin () [0x0007b] in C:\Users\Igor Iurevici\Desktop\Divergences\Corridor\Library\PackageCache\com.unity.xr.oculus@1.9.1\Runtime\OculusLoader.cs:234 

(Filename: Library/PackageCache/com.unity.xr.oculus@1.9.1/Runtime/OculusLoader.cs Line: 249)

Mono: successfully reloaded assembly
- Completed reload, in  1.697 seconds
Platform modules already initialized, skipping
Shader 'Universal Render Pipeline/Particles/Lit': fallback shader 'Universal Render Pipeline/Particles/SimpleLit' not found
Shader 'Universal Render Pipeline/Particles/Lit': fallback shader 'Universal Render Pipeline/Particles/SimpleLit' not found
Refreshing native plugins compatible for Editor in 1.32 ms, found 10 plugins.
Preloading 1 native plugins for Editor in 0.09 ms.
Unloading 3563 Unused Serialized files (Serialized files now loaded: 0)
System memory in use before: 185.3 MB.
System memory in use after: 184.0 MB.

Unloading 51 unused Assets to reduce memory usage. Loaded Objects now: 4374.
Total: 4.225000 ms (FindLiveObjects: 0.370900 ms CreateObjectMapping: 0.151700 ms MarkObjects: 2.783100 ms  DeleteObjects: 0.918400 ms)

========================================================================
Received Import Request.
  Time since last request: 510.773251 seconds.
  path: Assets/Materials/Marble/qlAkwIW.jpg
  artifactKey: Guid(16ca8811d53dfd841b628a20958aee33) Importer(815301076,1909f56bfc062723c751e8b465ee728b)
Start importing Assets/Materials/Marble/qlAkwIW.jpg using Guid(16ca8811d53dfd841b628a20958aee33) Importer(815301076,1909f56bfc062723c751e8b465ee728b)  -> (artifact id: 'a696600fb848a8f5a6861b0cce13deff') in 0.055167 seconds
  Import took 0.061785 seconds .

AssetImportWorkerClient::OnTransportError - code=2 error=End of file
